<?xml version="1.0" encoding="UTF-8"?>
<!-- Generated by org.testng.reporters.JUnitXMLReporter -->
<testsuite hostname="LAPTOP-IAKU8825" ignored="3" name="Default test" tests="1" failures="0" timestamp="2023-07-23T18:00:06 IST" time="8.084" errors="0">
  <testcase name="searchWithTextinDes" time="2.262" classname="testpacakage.SearchTestCases"/>
  <testcase name="searchWithoutAnyName" time="0.0" classname="testpacakage.SearchTestCases">
    <ignored/>
  </testcase> <!-- searchWithoutAnyName -->
  <testcase name="searchNonExistingproduct" time="0.0" classname="testpacakage.SearchTestCases">
    <ignored/>
  </testcase> <!-- searchNonExistingproduct -->
  <testcase name="searchExistingProduct" time="0.0" classname="testpacakage.SearchTestCases">
    <ignored/>
  </testcase> <!-- searchExistingProduct -->
</testsuite> <!-- Default test -->
