<?xml version="1.0" encoding="UTF-8"?>
<testng-results skipped="0" failed="0" ignored="3" total="4" passed="1">
  <reporter-output>
  </reporter-output>
  <suite name="Default suite" duration-ms="8084" started-at="2023-07-23T17:59:58 IST" finished-at="2023-07-23T18:00:06 IST">
    <groups>
    </groups>
    <test name="Default test" duration-ms="8084" started-at="2023-07-23T17:59:58 IST" finished-at="2023-07-23T18:00:06 IST">
      <class name="testpacakage.SearchTestCases">
        <test-method status="PASS" signature="setup()[pri:0, instance:testpacakage.SearchTestCases@3891771e]" name="setup" is-config="true" duration-ms="5761" started-at="2023-07-23T17:59:58 IST" finished-at="2023-07-23T18:00:04 IST">
          <reporter-output>
          </reporter-output>
        </test-method> <!-- setup -->
        <test-method status="PASS" signature="searchWithTextinDes()[pri:0, instance:testpacakage.SearchTestCases@3891771e]" name="searchWithTextinDes" duration-ms="2262" started-at="2023-07-23T18:00:04 IST" finished-at="2023-07-23T18:00:06 IST">
          <reporter-output>
          </reporter-output>
        </test-method> <!-- searchWithTextinDes -->
      </class> <!-- testpacakage.SearchTestCases -->
    </test> <!-- Default test -->
  </suite> <!-- Default suite -->
</testng-results>
